<?xml version="1.0" encoding="UTF-8"?>
<testsuite name="com.bl.maximumgenerics.TestMaximumTest" tests="3" skipped="0" failures="0" errors="0" timestamp="2020-10-08T05:47:57" hostname="LAPTOP-JP0FR8LN" time="0.002">
  <properties/>
  <testcase name="if_second_num_max_return_second" classname="com.bl.maximumgenerics.TestMaximumTest" time="0.001"/>
  <testcase name="if_first_num_max_return_first" classname="com.bl.maximumgenerics.TestMaximumTest" time="0.0"/>
  <testcase name="if_third_num_max_return_third" classname="com.bl.maximumgenerics.TestMaximumTest" time="0.001"/>
  <system-out><![CDATA[]]></system-out>
  <system-err><![CDATA[]]></system-err>
</testsuite>
